{"total": {"lines":{"total":381,"covered":261,"skipped":0,"pct":68.5},"statements":{"total":381,"covered":261,"skipped":0,"pct":68.5},"functions":{"total":21,"covered":15,"skipped":0,"pct":71.42},"branches":{"total":64,"covered":40,"skipped":0,"pct":62.5},"branchesTrue":{"total":0,"covered":0,"skipped":0,"pct":100}}
,"D:\\Users\\Lindokuhle\\Documents\\Software Projects\\Apps\\sharpjob-mobile-app-design v2\\src\\features\\alerts\\selectors.ts": {"lines":{"total":3,"covered":3,"skipped":0,"pct":100},"functions":{"total":1,"covered":1,"skipped":0,"pct":100},"statements":{"total":3,"covered":3,"skipped":0,"pct":100},"branches":{"total":2,"covered":2,"skipped":0,"pct":100}}
,"D:\\Users\\Lindokuhle\\Documents\\Software Projects\\Apps\\sharpjob-mobile-app-design v2\\src\\features\\app\\hooks\\useAlerts.ts": {"lines":{"total":70,"covered":68,"skipped":0,"pct":97.14},"functions":{"total":3,"covered":2,"skipped":0,"pct":66.66},"statements":{"total":70,"covered":68,"skipped":0,"pct":97.14},"branches":{"total":13,"covered":9,"skipped":0,"pct":69.23}}
,"D:\\Users\\Lindokuhle\\Documents\\Software Projects\\Apps\\sharpjob-mobile-app-design v2\\src\\features\\app\\hooks\\useApplyFlow.ts": {"lines":{"total":90,"covered":70,"skipped":0,"pct":77.77},"functions":{"total":5,"covered":3,"skipped":0,"pct":60},"statements":{"total":90,"covered":70,"skipped":0,"pct":77.77},"branches":{"total":9,"covered":7,"skipped":0,"pct":77.77}}
,"D:\\Users\\Lindokuhle\\Documents\\Software Projects\\Apps\\sharpjob-mobile-app-design v2\\src\\features\\app\\hooks\\useJobActions.ts": {"lines":{"total":147,"covered":66,"skipped":0,"pct":44.89},"functions":{"total":7,"covered":4,"skipped":0,"pct":57.14},"statements":{"total":147,"covered":66,"skipped":0,"pct":44.89},"branches":{"total":23,"covered":15,"skipped":0,"pct":65.21}}
,"D:\\Users\\Lindokuhle\\Documents\\Software Projects\\Apps\\sharpjob-mobile-app-design v2\\src\\features\\explore\\selectors.ts": {"lines":{"total":33,"covered":16,"skipped":0,"pct":48.48},"functions":{"total":1,"covered":1,"skipped":0,"pct":100},"statements":{"total":33,"covered":16,"skipped":0,"pct":48.48},"branches":{"total":12,"covered":2,"skipped":0,"pct":16.66}}
,"D:\\Users\\Lindokuhle\\Documents\\Software Projects\\Apps\\sharpjob-mobile-app-design v2\\src\\features\\listings\\selectors.ts": {"lines":{"total":17,"covered":17,"skipped":0,"pct":100},"functions":{"total":3,"covered":3,"skipped":0,"pct":100},"statements":{"total":17,"covered":17,"skipped":0,"pct":100},"branches":{"total":4,"covered":4,"skipped":0,"pct":100}}
,"D:\\Users\\Lindokuhle\\Documents\\Software Projects\\Apps\\sharpjob-mobile-app-design v2\\src\\features\\profile\\selectors.ts": {"lines":{"total":21,"covered":21,"skipped":0,"pct":100},"functions":{"total":1,"covered":1,"skipped":0,"pct":100},"statements":{"total":21,"covered":21,"skipped":0,"pct":100},"branches":{"total":1,"covered":1,"skipped":0,"pct":100}}
}
