TN:
SF:src\features\alerts\selectors.ts
FN:3,countUnreadAlerts
FNF:1
FNH:1
FNDA:16,countUnreadAlerts
DA:3,1
DA:4,16
DA:5,16
LF:3
LH:3
BRDA:3,0,0,16
BRDA:4,1,0,102
BRF:2
BRH:2
end_of_record
TN:
SF:src\features\app\hooks\useAlerts.ts
FN:15,useAlerts
FN:45,triggerNotification
FN:65,dismissToast
FNF:3
FNH:2
FNDA:16,useAlerts
FNDA:2,triggerNotification
FNDA:0,dismissToast
DA:1,1
DA:6,1
DA:7,1
DA:8,1
DA:9,1
DA:10,1
DA:11,1
DA:12,1
DA:13,1
DA:15,1
DA:16,16
DA:17,16
DA:18,16
DA:21,16
DA:22,16
DA:23,16
DA:24,16
DA:25,16
DA:27,16
DA:28,3
DA:29,3
DA:30,3
DA:31,0
DA:33,3
DA:34,3
DA:35,3
DA:36,18
DA:37,18
DA:38,3
DA:39,3
DA:40,3
DA:41,3
DA:42,3
DA:43,16
DA:45,16
DA:46,2
DA:47,2
DA:48,2
DA:49,2
DA:50,2
DA:51,2
DA:52,2
DA:53,2
DA:54,2
DA:55,2
DA:56,2
DA:58,2
DA:59,2
DA:60,0
DA:61,2
DA:62,2
DA:64,16
DA:65,16
DA:67,16
DA:68,16
DA:69,16
DA:70,16
DA:71,16
DA:72,16
DA:73,16
DA:74,16
DA:75,16
DA:76,16
DA:77,16
DA:78,16
DA:79,16
DA:80,16
DA:81,16
DA:82,16
DA:83,16
LF:70
LH:68
BRDA:15,0,0,16
BRDA:27,1,0,3
BRDA:30,2,0,0
BRDA:33,3,0,3
BRDA:41,4,0,0
BRDA:35,5,0,18
BRDA:36,6,0,15
BRDA:36,7,0,3
BRDA:37,8,0,0
BRDA:37,9,0,0
BRDA:37,10,0,3
BRDA:45,11,0,2
BRDA:46,12,0,2
BRF:13
BRH:9
end_of_record
TN:
SF:src\features\app\hooks\useApplyFlow.ts
FN:4,useApplyFlow
FN:24,generateMockCoverLetter
FN:38,handleMockUpload
FN:54,handleRemoveResumeFromWizard
FN:59,handleFinalSubmitApp
FNF:5
FNH:3
FNDA:21,useApplyFlow
FNDA:0,generateMockCoverLetter
FNDA:0,handleMockUpload
FNDA:1,handleRemoveResumeFromWizard
FNDA:1,handleFinalSubmitApp
DA:1,1
DA:4,1
DA:5,21
DA:6,21
DA:7,21
DA:8,21
DA:9,21
DA:14,21
DA:15,21
DA:16,21
DA:17,21
DA:18,21
DA:19,21
DA:20,21
DA:21,21
DA:22,21
DA:24,21
DA:25,0
DA:27,0
DA:34,0
DA:35,0
DA:36,0
DA:38,21
DA:39,0
DA:40,0
DA:41,0
DA:42,0
DA:43,0
DA:44,0
DA:45,0
DA:46,0
DA:47,0
DA:48,0
DA:49,0
DA:50,0
DA:51,0
DA:52,0
DA:54,21
DA:55,1
DA:56,1
DA:57,1
DA:59,21
DA:60,1
DA:61,1
DA:63,1
DA:64,1
DA:65,1
DA:66,1
DA:67,1
DA:68,1
DA:69,1
DA:70,1
DA:71,1
DA:72,1
DA:73,1
DA:74,1
DA:75,0
DA:76,1
DA:77,1
DA:79,1
DA:80,1
DA:81,1
DA:83,1
DA:84,1
DA:85,1
DA:86,1
DA:87,1
DA:89,21
DA:90,21
DA:91,21
DA:92,21
DA:93,21
DA:94,21
DA:95,21
DA:96,21
DA:97,21
DA:98,21
DA:99,21
DA:100,21
DA:101,21
DA:102,21
DA:103,21
DA:104,21
DA:105,21
DA:106,21
DA:107,21
DA:108,21
DA:109,21
DA:110,21
DA:111,21
LF:90
LH:70
BRDA:4,0,0,21
BRDA:54,1,0,1
BRDA:59,2,0,1
BRDA:60,3,0,0
BRDA:63,4,0,1
BRDA:65,5,0,1
BRDA:66,6,0,1
BRDA:74,7,0,0
BRDA:83,8,0,1
BRF:9
BRH:7
end_of_record
TN:
SF:src\features\app\hooks\useJobActions.ts
FN:6,useJobActions
FN:23,handleApplyOutbound
FN:26,launch
FN:40,openUrl
FN:71,confirmAppliedOnSite
FN:94,handleToggleSave
FN:117,exportListingToText
FNF:7
FNH:4
FNDA:16,useJobActions
FNDA:1,handleApplyOutbound
FNDA:0,launch
FNDA:1,openUrl
FNDA:0,confirmAppliedOnSite
FNDA:1,handleToggleSave
FNDA:0,exportListingToText
DA:1,1
DA:6,1
DA:7,16
DA:8,16
DA:9,16
DA:10,16
DA:11,16
DA:12,16
DA:13,16
DA:20,16
DA:21,16
DA:23,16
DA:24,1
DA:26,1
DA:27,0
DA:28,0
DA:29,0
DA:30,0
DA:31,0
DA:32,0
DA:33,0
DA:34,0
DA:35,0
DA:37,0
DA:38,0
DA:40,1
DA:41,1
DA:42,1
DA:43,1
DA:44,1
DA:45,0
DA:46,0
DA:47,1
DA:49,1
DA:50,0
DA:51,0
DA:52,0
DA:53,0
DA:55,1
DA:56,1
DA:58,1
DA:59,1
DA:60,1
DA:61,1
DA:63,1
DA:65,1
DA:66,1
DA:67,1
DA:68,1
DA:69,1
DA:71,16
DA:72,0
DA:73,0
DA:74,0
DA:75,0
DA:76,0
DA:77,0
DA:78,0
DA:80,0
DA:81,0
DA:82,0
DA:83,0
DA:84,0
DA:86,0
DA:87,0
DA:89,0
DA:90,0
DA:91,0
DA:92,0
DA:94,16
DA:95,1
DA:97,1
DA:98,1
DA:99,6
DA:100,1
DA:101,1
DA:102,1
DA:103,1
DA:104,0
DA:105,1
DA:106,1
DA:107,1
DA:108,5
DA:109,1
DA:110,1
DA:112,1
DA:113,1
DA:114,1
DA:115,1
DA:117,16
DA:118,0
DA:119,0
DA:120,0
DA:121,0
DA:122,0
DA:123,0
DA:124,0
DA:125,0
DA:126,0
DA:127,0
DA:128,0
DA:129,0
DA:130,0
DA:131,0
DA:132,0
DA:133,0
DA:134,0
DA:135,0
DA:136,0
DA:137,0
DA:138,0
DA:139,0
DA:140,0
DA:141,0
DA:142,0
DA:143,0
DA:144,0
DA:145,0
DA:146,0
DA:148,0
DA:149,0
DA:150,0
DA:151,0
DA:152,0
DA:153,0
DA:154,0
DA:156,0
DA:157,0
DA:158,0
DA:159,0
DA:160,0
DA:161,0
DA:162,0
DA:163,0
DA:164,0
DA:166,16
DA:167,16
DA:168,16
DA:169,16
DA:170,16
DA:171,16
DA:172,16
DA:173,16
DA:174,16
DA:175,16
DA:176,16
DA:177,16
LF:147
LH:66
BRDA:6,0,0,16
BRDA:23,1,0,1
BRDA:49,2,0,0
BRDA:55,3,0,0
BRDA:40,4,0,1
BRDA:43,5,0,0
BRDA:44,6,0,0
BRDA:59,7,0,1
BRDA:59,8,0,6
BRDA:59,9,0,1
BRDA:59,10,0,5
BRDA:60,11,0,1
BRDA:60,12,0,0
BRDA:65,13,0,1
BRDA:94,14,0,1
BRDA:95,15,0,0
BRDA:97,16,0,1
BRDA:98,17,0,6
BRDA:99,18,0,1
BRDA:103,19,0,0
BRDA:107,20,0,5
BRDA:113,21,0,1
BRDA:113,22,0,0
BRF:23
BRH:15
end_of_record
TN:
SF:src\features\explore\selectors.ts
FN:17,filterExploreJobs
FNF:1
FNH:1
FNDA:16,filterExploreJobs
DA:1,1
DA:17,1
DA:18,16
DA:19,16
DA:21,16
DA:22,96
DA:23,0
DA:24,0
DA:26,96
DA:27,96
DA:29,96
DA:30,96
DA:32,96
DA:33,0
DA:34,0
DA:36,96
DA:37,96
DA:38,0
DA:39,0
DA:40,0
DA:42,0
DA:43,0
DA:44,0
DA:46,0
DA:47,0
DA:48,0
DA:49,0
DA:50,0
DA:52,0
DA:53,0
DA:55,96
DA:56,16
DA:57,16
LF:33
LH:16
BRDA:17,0,0,16
BRDA:18,1,0,0
BRDA:19,2,0,0
BRDA:21,3,0,96
BRDA:22,4,0,0
BRDA:23,5,0,0
BRDA:26,6,0,0
BRDA:27,7,0,0
BRDA:30,8,0,0
BRDA:32,9,0,0
BRDA:32,10,0,0
BRDA:37,11,0,0
BRF:12
BRH:2
end_of_record
TN:
SF:src\features\listings\selectors.ts
FN:3,paginateItems
FN:18,countAppliedJobs
FN:22,countSavedVisible
FNF:3
FNH:3
FNDA:48,paginateItems
FNDA:16,countAppliedJobs
FNDA:16,countSavedVisible
DA:3,1
DA:7,48
DA:8,48
DA:9,48
DA:10,48
DA:11,48
DA:12,48
DA:13,48
DA:14,48
DA:15,48
DA:16,48
DA:18,1
DA:19,16
DA:20,16
DA:22,1
DA:23,16
DA:24,16
LF:17
LH:17
BRDA:3,0,0,48
BRDA:18,1,0,16
BRDA:19,2,0,96
BRDA:22,3,0,16
BRF:4
BRH:4
end_of_record
TN:
SF:src\features\profile\selectors.ts
FN:1,deriveProfileStrength
FNF:1
FNH:1
FNDA:16,deriveProfileStrength
DA:1,1
DA:14,16
DA:15,16
DA:16,16
DA:17,16
DA:18,16
DA:19,16
DA:20,16
DA:21,16
DA:22,16
DA:23,16
DA:24,16
DA:25,16
DA:27,16
DA:28,16
DA:29,16
DA:31,16
DA:32,16
DA:33,16
DA:34,16
DA:35,16
LF:21
LH:21
BRDA:1,0,0,16
BRF:1
BRH:1
end_of_record
